
-----------------------------------------------------------------------------------------
Command-line: imports\mediasdk\mfx_player.exe -i:hevc Clip\FCB-ATL_1920x1080_50fps_600f_444_10bit.bin -hw -d3d11 -async 3 -perf_opt -no_render -priority 1 -d3d11 -n 200000 -f 30 -decode_plugin_guid 33a61c0b4c27454ca8d85dde757c6f8e 
ComputerName                  : DESKTOP-84QIL34
GraphicName                   : Intel(R) Graphics i gfx-driver-ci-master-6895 DCH ReleaseInternal, 30.20.16.9999, 1/6/2021 ww2.3
IPP                           : 8.1.1 (r42291)
  Build                       : 42291
  Target CPU                  : l9
  Name                        : ippIP AVX2 (l9)
  Build date                  : Apr 10 2014
Time                          : 2021/01/08 10:56:45
Boot time                     : 2021/01/08 10:54:09
Up time                       : 0:16:55
Build                         : win64 - 11.8.2020 22:57:2 
Memory Private                : 2.02 M
Memory AvailPhys              : 13712.05 M
D3D11 Support                 : ON
Seed                          : 1015578
Buffering                     : 100.0
FileName                      : Clip\FCB-ATL_1920x1080_50fps_600f_444_10bit.bin
FileSize                      : 250.53 M
Container                     : RAW
Video                         : HEVC
Input bitstream buffer        : 1048576
CompleteFrame Mode            : off
Graphic VendorID 0            : 0x8086
Graphic DeviceID 0            : 0x9a49
Graphic Driver Version 0      : 0.0.0.0
Graphic VendorID 1            : 0x1414
Graphic DeviceID 1            : 0x8c
Graphic Driver Version 1      : 0.0.0.0
INFO:    MFXInitEx (impl=MFX_IMPL_HARDWARE_ANY|MFX_IMPL_VIA_D3D11, pVer=1.33, ExternalThreads=0 session=0x00000230BBCC2378
INFO:    Required API version is 1.33
ERROR:   [WINREG]: Opening key "HKEY_LOCAL_MACHINE\Software\Intel\MediaSDK\Dispatch\tracer" : RegOpenKeyExW()==0x2
ERROR:   [WINREG]: Opening key "HKEY_CURRENT_USER\Software\Intel\MediaSDK\Dispatch\tracer" : RegOpenKeyExW()==0x2
WARNING: can't find tracer registry key
INFO:    Looking for MediaSDK in DriverStore
INFO:    DriverStore path is found
INFO:    loading library C:\Windows\System32\DriverStore\FileRepository\iigd_dch.inf_amd64_176eaec859ab093b\libmfxhw64.dll
INFO:    invoking LoadLibrary(C:\Windows\System32\DriverStore\FileRepository\iigd_dch.inf_amd64_176eaec859ab093b\libmfxhw64.dll)
INFO:    loaded module C:\Windows\System32\DriverStore\FileRepository\iigd_dch.inf_amd64_176eaec859ab093b\libmfxhw64.dll
INFO:    MFXInitEx(MFX_IMPL_HARDWARE|MFX_IMPL_VIA_D3D11,ver=1.33,ExtThreads=0,session=0x00000230BBCF5A20)
INFO:    MFXQueryVersion returned API: 1.34
INFO:    library loaded succesfully
INFO:    media adapter type is 1
ERROR:   [WINREG]: Opening key "HKEY_LOCAL_MACHINE\Software\Intel\MediaSDK\Dispatch\tracer" : RegOpenKeyExW()==0x2
ERROR:   [WINREG]: Opening key "HKEY_CURRENT_USER\Software\Intel\MediaSDK\Dispatch\tracer" : RegOpenKeyExW()==0x2
WARNING: can't find tracer registry key
INFO:    Looking for MediaSDK in DriverStore
INFO:    DriverStore path isn't found
ERROR:   [WINREG]: Opening key "HKEY_CURRENT_USER\Software\Intel\MediaSDK\Dispatch" : RegOpenKeyExW()==0x2
WARNING: Can't open HKEY_CURRENT_USER\Software\Intel\MediaSDK\Dispatch : RegOpenKeyExA()==0x2
ERROR:   [WINREG]: Opening key "HKEY_LOCAL_MACHINE\Software\Intel\MediaSDK\Dispatch" : RegOpenKeyExW()==0x2
WARNING: Can't open HKEY_LOCAL_MACHINE\Software\Intel\MediaSDK\Dispatch : RegOpenKeyExA()==0x2
INFO:    dxvaDevice.InitDXGI1(2) Failed
INFO:    dxvaDevice.InitDXGI1(2) Failed
INFO:    dxvaDevice.InitDXGI1(2) Failed
INFO:    dxvaDevice.InitDXGI1(2) Failed
INFO:    dxvaDevice.InitDXGI1(2) Failed
INFO:    dxvaDevice.InitDXGI1(3) Failed
INFO:    dxvaDevice.InitDXGI1(3) Failed
INFO:    dxvaDevice.InitDXGI1(3) Failed
INFO:    dxvaDevice.InitDXGI1(3) Failed
INFO:    dxvaDevice.InitDXGI1(3) Failed
INFO:    loading library C:\Users\sas\Desktop\LUCAS_NEW\imports\mediasdk\libmfxsw64.dll
INFO:    invoking LoadLibrary(C:\Users\sas\Desktop\LUCAS_NEW\imports\mediasdk\libmfxsw64.dll)
WARNING: can't find DLL: GetLastErr()=0x7e
INFO:    dxvaDevice.InitDXGI1(2) Failed
INFO:    dxvaDevice.InitDXGI1(3) Failed
INFO:    loading default library libmfxhw64.dll
INFO:    invoking LoadLibrary(libmfxhw64.dll)
INFO:    loaded module C:\Windows\System32\DriverStore\FileRepository\iigd_dch.inf_amd64_176eaec859ab093b\libmfxhw64.dll
INFO:    MFXInitEx(MFX_IMPL_HARDWARE|MFX_IMPL_VIA_D3D11,ver=1.33,ExtThreads=0,session=0x00000230D6820090)
INFO:    MFXQueryVersion returned API: 1.34
INFO:    library loaded succesfully
ERROR:   [WINREG]: Opening key "HKEY_CURRENT_USER\Software\Intel\MediaSDK\Plugin" : RegOpenKeyExW()==0x2
ERROR:   [WINREG]: Opening key "HKEY_LOCAL_MACHINE\Software\Intel\MediaSDK\Plugin" : RegOpenKeyExW()==0x2
INFO:    MFXClose(0x0) returned 0
Decoder                       : Hardware
  Surface type                : D3D11 surface
  External allocator          : yes
  MFX API version             : 1.34
  MFXImpl                     : MFX_IMPL_HARDWARE | MFX_IMPL_VIA_D3D11
D3D back buffer format: DXGI_FORMAT_B8G8R8A8_UNORM
INFO:    MFXVideoUSER_Load: uid=33-A6-1C-B-4C-27-45-4C-A8-D8-5D-DE-75-7C-6F-8E version=1
INFO:    [PLUGIN]: Plugin loaded at: C:\Windows\System32\DriverStore\FileRepository\iigd_dch.inf_amd64_176eaec859ab093b\mfxplugin64_hw.dll
INFO:    [PLUGIN]: "C:\Windows\System32\DriverStore\FileRepository\iigd_dch.inf_amd64_176eaec859ab093b\mfxplugin64_hw.dll::CreatePlugin" SUCCEED
INFO:    [PLUGIN]: plugin type= 1
Plugin: 33a61c0b4c27454ca8d85dde757c6f8e loaded
Crop XxY WxH                  : 0x0 1920x1080
PicStruct                     : 1
Framerate                     : Unknown, set to 30.00
Input bitstream buffer        : 16777216
Surfaces dec+rnd              : Y410x1920x1088x15 : 13(dec) + 1(ren) - 1 + 2(dec:async) + 0(ren:async)
Number threads                : 0
.....

Total time                    : 0.74 sec
Number decoded frames         : 500
Total fps                     : 679.412 fps
Decode : async queue          : max: 2, avr: 0.99
VPP    : number frames        : 500
VPP    : async queue          : max: 0, avr: 0.00
INFO:    [PLUGIN]:  MFXVideoUSER_Unregister for Type=1, returned 0
INFO:    MFXVideoUSER_UnLoad : plugin with GUID=33-A6-1C-B-4C-27-45-4C-A8-D8-5D-DE-75-7C-6F-8E unloaded
CPU usage                     : 15.1275
INFO:    MFXClose(0x0) returned 0

PASS
